<?xml version="1.0" encoding="UTF-8"?>
<testng-results ignored="0" total="1" passed="1" failed="0" skipped="0">
  <reporter-output>
  </reporter-output>
  <suite started-at="2025-06-22T10:40:38 IST" name="Default suite" finished-at="2025-06-22T10:45:17 IST" duration-ms="279099">
    <groups>
    </groups>
    <test started-at="2025-06-22T10:40:38 IST" name="Default test" finished-at="2025-06-22T10:45:17 IST" duration-ms="279099">
      <class name="tests.AutomationTest">
        <test-method is-config="true" signature="setupReport()[pri:0, instance:tests.AutomationTest@1ce24091]" started-at="2025-06-22T10:40:38 IST" name="setupReport" finished-at="2025-06-22T10:40:39 IST" duration-ms="517" status="PASS">
          <reporter-output>
          </reporter-output>
        </test-method> <!-- setupReport -->
        <test-method is-config="true" signature="setup()[pri:0, instance:tests.AutomationTest@1ce24091]" started-at="2025-06-22T10:40:39 IST" name="setup" finished-at="2025-06-22T10:40:50 IST" duration-ms="10952" status="PASS">
          <reporter-output>
          </reporter-output>
        </test-method> <!-- setup -->
        <test-method signature="runTest()[pri:0, instance:tests.AutomationTest@1ce24091]" started-at="2025-06-22T10:40:50 IST" name="runTest" finished-at="2025-06-22T10:45:15 IST" duration-ms="265112" status="PASS">
          <reporter-output>
          </reporter-output>
        </test-method> <!-- runTest -->
        <test-method is-config="true" signature="teardown()[pri:0, instance:tests.AutomationTest@1ce24091]" started-at="2025-06-22T10:45:15 IST" name="teardown" finished-at="2025-06-22T10:45:17 IST" duration-ms="1607" status="PASS">
          <reporter-output>
          </reporter-output>
        </test-method> <!-- teardown -->
        <test-method is-config="true" signature="finishReport()[pri:0, instance:tests.AutomationTest@1ce24091]" started-at="2025-06-22T10:45:17 IST" name="finishReport" finished-at="2025-06-22T10:45:17 IST" duration-ms="809" status="PASS">
          <reporter-output>
          </reporter-output>
        </test-method> <!-- finishReport -->
      </class> <!-- tests.AutomationTest -->
    </test> <!-- Default test -->
  </suite> <!-- Default suite -->
</testng-results>
